#
# A fatal error has been detected by the Java Runtime Environment:
#
#  Internal Error (t:/workspace/open/src/hotspot/cpu/x86/nativeInst_x86.cpp:270), pid=8116, tid=10656
#  guarantee(!os::is_MP() || is_aligned) failed: destination must be aligned
#
# JRE version: Java(TM) SE Runtime Environment (11.0.6+8) (build 11.0.6+8-LTS)
# Java VM: Java HotSpot(TM) 64-Bit Server VM (11.0.6+8-LTS, mixed mode, tiered, compressed oops, parallel gc, windows-amd64)
# No core dump will be written. Minidumps are not enabled by default on client versions of Windows
#
# If you would like to submit a bug report, please visit:
#   http://bugreport.java.com/bugreport/crash.jsp
#

---------------  S U M M A R Y ------------

Command Line: --add-modules=ALL-SYSTEM --add-opens=java.base/java.util=ALL-UNNAMED --add-opens=java.base/java.lang=ALL-UNNAMED -Declipse.application=org.eclipse.jdt.ls.core.id1 -Dosgi.bundles.defaultStartLevel=4 -Declipse.product=org.eclipse.jdt.ls.core.product -Dfile.encoding=utf8 -DwatchParentProcess=false -XX:+UseParallelGC -XX:GCTimeRatio=4 -XX:AdaptiveSizePolicyWeight=90 -Dsun.zip.disableMemoryMapping=true -Xmx1G -Xms100m -Xverify:none c:\Users\Joush\.vscode\extensions\redhat.java-0.67.0\server\plugins\org.eclipse.equinox.launcher_1.5.800.v20200727-1323.jar -configuration c:\Users\Joush\AppData\Roaming\Code\User\globalStorage\redhat.java\0.67.0\config_ss_win -data c:\Users\Joush\AppData\Roaming\Code\User\workspaceStorage\8bcd04a8af8f9a3b8b8c8b5408dc8d04\redhat.java\ss_ws

Host: Intel(R) Core(TM) i5-10400 CPU @ 2.90GHz, 12 cores, 15G,  Windows 10 , 64 bit Build 18362 (10.0.18362.329)
Time: Thu Sep 17 18:47:22 2020 ?D1¨²¡À¨º¡Á?¨º¡À?? elapsed time: 50 seconds (0d 0h 0m 50s)

---------------  T H R E A D  ---------------

Current thread (0x0000021f70188000):  JavaThread "Sweeper thread" daemon [_thread_in_vm, id=10656, stack(0x000000ce38f00000,0x000000ce39000000)]

Stack: [0x000000ce38f00000,0x000000ce39000000]
Native frames: (J=compiled Java code, j=interpreted, Vv=VM code, C=native code)
V  [jvm.dll+0x63679a]
V  [jvm.dll+0x7755bf]
V  [jvm.dll+0x776c65]
V  [jvm.dll+0x777287]
V  [jvm.dll+0x25e74c]
V  [jvm.dll+0x60bde1]
V  [jvm.dll+0x22bcd7]
V  [jvm.dll+0x22cd73]
V  [jvm.dll+0x22cf26]
V  [jvm.dll+0x7038e5]
V  [jvm.dll+0x703db0]
V  [jvm.dll+0x70450c]
V  [jvm.dll+0x73a9c5]
V  [jvm.dll+0x733905]
V  [jvm.dll+0x635846]
C  [ucrtbase.dll+0x20e72]
C  [KERNEL32.DLL+0x17bd4]
C  [ntdll.dll+0x6ced1]


---------------  P R O C E S S  ---------------

Threads class SMR info:
_java_thread_list=0x0000021f74680820, length=35, elements={
0x0000021f552f8000, 0x0000021f553c1000, 0x0000021f6f065800, 0x0000021f70180000,
0x0000021f70183000, 0x0000021f70185000, 0x0000021f70186800, 0x0000021f70188000,
0x0000021f702e0800, 0x0000021f70398800, 0x0000021f71e5c800, 0x0000021f72315800,
0x0000021f71d65000, 0x0000021f72aa6800, 0x0000021f729e8000, 0x0000021f729e9800,
0x0000021f72c00800, 0x0000021f72c03000, 0x0000021f72c01800, 0x0000021f72bff000,
0x0000021f72c05000, 0x0000021f72c02800, 0x0000021f72c00000, 0x0000021f72c0c000,
0x0000021f72c09000, 0x0000021f72c0b800, 0x0000021f72c06800, 0x0000021f72c09800,
0x0000021f72c0d000, 0x0000021f72c07000, 0x0000021f72c08000, 0x0000021f72c0a800,
0x0000021f72c0d800, 0x0000021f729ea800, 0x0000021f73f05800
}

Java Threads: ( => current thread )
  0x0000021f552f8000 JavaThread "main" [_thread_blocked, id=13204, stack(0x000000ce38600000,0x000000ce38700000)]
  0x0000021f553c1000 JavaThread "Reference Handler" daemon [_thread_blocked, id=8168, stack(0x000000ce38900000,0x000000ce38a00000)]
  0x0000021f6f065800 JavaThread "Finalizer" daemon [_thread_blocked, id=9060, stack(0x000000ce38a00000,0x000000ce38b00000)]
  0x0000021f70180000 JavaThread "Signal Dispatcher" daemon [_thread_blocked, id=12192, stack(0x000000ce38b00000,0x000000ce38c00000)]
  0x0000021f70183000 JavaThread "Attach Listener" daemon [_thread_blocked, id=11880, stack(0x000000ce38c00000,0x000000ce38d00000)]
  0x0000021f70185000 JavaThread "C2 CompilerThread0" daemon [_thread_in_native, id=11392, stack(0x000000ce38d00000,0x000000ce38e00000)]
  0x0000021f70186800 JavaThread "C1 CompilerThread0" daemon [_thread_blocked, id=8928, stack(0x000000ce38e00000,0x000000ce38f00000)]
=>0x0000021f70188000 JavaThread "Sweeper thread" daemon [_thread_in_vm, id=10656, stack(0x000000ce38f00000,0x000000ce39000000)]
  0x0000021f702e0800 JavaThread "Common-Cleaner" daemon [_thread_blocked, id=9016, stack(0x000000ce39000000,0x000000ce39100000)]
  0x0000021f70398800 JavaThread "Service Thread" daemon [_thread_blocked, id=8980, stack(0x000000ce39200000,0x000000ce39300000)]
  0x0000021f71e5c800 JavaThread "Active Thread: Equinox Container: eec1ac81-17ef-4c8d-a423-bab62c0d3844" [_thread_blocked, id=852, stack(0x000000ce39b00000,0x000000ce39c00000)]
  0x0000021f72315800 JavaThread "Framework Event Dispatcher: Equinox Container: eec1ac81-17ef-4c8d-a423-bab62c0d3844" daemon [_thread_blocked, id=10712, stack(0x000000ce39f00000,0x000000ce3a000000)]
  0x0000021f71d65000 JavaThread "Start Level: Equinox Container: eec1ac81-17ef-4c8d-a423-bab62c0d3844" daemon [_thread_blocked, id=7876, stack(0x000000ce3a000000,0x000000ce3a100000)]
  0x0000021f72aa6800 JavaThread "Refresh Thread: Equinox Container: eec1ac81-17ef-4c8d-a423-bab62c0d3844" daemon [_thread_blocked, id=11644, stack(0x000000ce3a100000,0x000000ce3a200000)]
  0x0000021f729e8000 JavaThread "SCR Component Actor" daemon [_thread_blocked, id=5156, stack(0x000000ce3a800000,0x000000ce3a900000)]
  0x0000021f729e9800 JavaThread "Worker-JM" [_thread_blocked, id=10516, stack(0x000000ce3aa00000,0x000000ce3ab00000)]
  0x0000021f72c00800 JavaThread "Worker-0" [_thread_blocked, id=10400, stack(0x000000ce3ad00000,0x000000ce3ae00000)]
  0x0000021f72c03000 JavaThread "Worker-1" [_thread_blocked, id=10596, stack(0x000000ce39100000,0x000000ce39200000)]
  0x0000021f72c01800 JavaThread "Worker-2" [_thread_blocked, id=11852, stack(0x000000ce3ae00000,0x000000ce3af00000)]
  0x0000021f72bff000 JavaThread "pool-1-thread-1" [_thread_blocked, id=11896, stack(0x000000ce3b000000,0x000000ce3b100000)]
  0x0000021f72c05000 JavaThread "Worker-3" [_thread_blocked, id=1632, stack(0x000000ce39400000,0x000000ce39500000)]
  0x0000021f72c02800 JavaThread "ForkJoinPool.commonPool-worker-19" daemon [_thread_blocked, id=9232, stack(0x000000ce3a900000,0x000000ce3aa00000)]
  0x0000021f72c00000 JavaThread "ForkJoinPool.commonPool-worker-5" daemon [_thread_blocked, id=13220, stack(0x000000ce3b600000,0x000000ce3b700000)]
  0x0000021f72c0c000 JavaThread "pool-2-thread-1" [_thread_blocked, id=11128, stack(0x000000ce3b700000,0x000000ce3b800000)]
  0x0000021f72c09000 JavaThread "pool-3-thread-1" [_thread_blocked, id=2784, stack(0x000000ce39500000,0x000000ce39600000)]
  0x0000021f72c0b800 JavaThread "pool-4-thread-1" [_thread_blocked, id=12108, stack(0x000000ce39800000,0x000000ce39900000)]
  0x0000021f72c06800 JavaThread "pool-5-thread-1" [_thread_blocked, id=11124, stack(0x000000ce39900000,0x000000ce39a00000)]
  0x0000021f72c09800 JavaThread "pool-6-thread-1" [_thread_blocked, id=6288, stack(0x000000ce39700000,0x000000ce39800000)]
  0x0000021f72c0d000 JavaThread "pool-7-thread-1" [_thread_blocked, id=11120, stack(0x000000ce39600000,0x000000ce39700000)]
  0x0000021f72c07000 JavaThread "ForkJoinPool.commonPool-worker-23" daemon [_thread_blocked, id=9980, stack(0x000000ce39a00000,0x000000ce39b00000)]
  0x0000021f72c08000 JavaThread "pool-8-thread-1" [_thread_blocked, id=3636, stack(0x000000ce3a200000,0x000000ce3a300000)]
  0x0000021f72c0a800 JavaThread "Worker-4" [_thread_blocked, id=10220, stack(0x000000ce3a300000,0x000000ce3a400000)]
  0x0000021f72c0d800 JavaThread "ForkJoinPool.commonPool-worker-9" daemon [_thread_blocked, id=8204, stack(0x000000ce3a400000,0x000000ce3a500000)]
  0x0000021f729ea800 JavaThread "pool-9-thread-1" [_thread_blocked, id=5800, stack(0x000000ce3a700000,0x000000ce3a800000)]
  0x0000021f73f05800 JavaThread "C2 CompilerThread1" daemon [_thread_in_vm, id=6872, stack(0x000000ce3a500000,0x000000ce3a600000)]

Other Threads:
  0x0000021f70122000 VMThread "VM Thread" [stack: 0x000000ce38800000,0x000000ce38900000] [id=8784]
  0x0000021f71818000 WatcherThread [stack: 0x000000ce39300000,0x000000ce39400000] [id=8068]
  0x0000021f5530e000 GCTaskThread "ParGC Thread#0" [stack: 0x000000ce38700000,0x000000ce38800000] [id=12148]
  0x0000021f71c15000 GCTaskThread "ParGC Thread#1" [stack: 0x000000ce39c00000,0x000000ce39d00000] [id=11656]
  0x0000021f72650800 GCTaskThread "ParGC Thread#2" [stack: 0x000000ce39d00000,0x000000ce39e00000] [id=8904]
  0x0000021f72651000 GCTaskThread "ParGC Thread#3" [stack: 0x000000ce39e00000,0x000000ce39f00000] [id=10576]
  0x0000021f72c15000 GCTaskThread "ParGC Thread#4" [stack: 0x000000ce3ab00000,0x000000ce3ac00000] [id=10556]
  0x0000021f72d86000 GCTaskThread "ParGC Thread#5" [stack: 0x000000ce3ac00000,0x000000ce3ad00000] [id=10512]
  0x0000021f74112000 GCTaskThread "ParGC Thread#6" [stack: 0x000000ce3b100000,0x000000ce3b200000] [id=9840]
  0x0000021f743c9000 GCTaskThread "ParGC Thread#7" [stack: 0x000000ce3b200000,0x000000ce3b300000] [id=2136]
  0x0000021f743ca000 GCTaskThread "ParGC Thread#8" [stack: 0x000000ce3b300000,0x000000ce3b400000] [id=6232]
  0x0000021f743ca800 GCTaskThread "ParGC Thread#9" [stack: 0x000000ce3b400000,0x000000ce3b500000] [id=8452]

Threads with active compile tasks:
C2 CompilerThread07164       4       org.eclipse.jdt.core.Signature::appendTypeSignature (513 bytes)
C2 CompilerThread17165       4       org.eclipse.jdt.core.Signature::toCharArray (83 bytes)

VM state:not at safepoint (normal execution)

VM Mutex/Monitor currently owned by a thread:  ([mutex/lock_event])
[0x0000021f552f5690] Patching_lock - owner thread: 0x0000021f70188000
[0x0000021f552f6730] CompiledIC_lock - owner thread: 0x0000021f70188000
[0x0000021f552f74b0] Compile_lock - owner thread: 0x0000021f73f05800
[0x0000021f552f6610] MethodCompileQueue_lock - owner thread: 0x0000021f73f05800

Heap address: 0x00000000c0000000, size: 1024 MB, Compressed Oops mode: 32-bit
Narrow klass base: 0x0000000000000000, Narrow klass shift: 3
Compressed class space size: 1073741824 Address: 0x0000000100000000

Heap:
 PSYoungGen      total 21504K, used 14963K [0x00000000eab00000, 0x00000000ec180000, 0x0000000100000000)
  eden space 19968K, 69% used [0x00000000eab00000,0x00000000eb87ce10,0x00000000ebe80000)
  from space 1536K, 75% used [0x00000000ebe80000,0x00000000ebfa0000,0x00000000ec000000)
  to   space 1536K, 0% used [0x00000000ec000000,0x00000000ec000000,0x00000000ec180000)
 ParOldGen       total 68608K, used 39029K [0x00000000c0000000, 0x00000000c4300000, 0x00000000eab00000)
  object space 68608K, 56% used [0x00000000c0000000,0x00000000c261d5a8,0x00000000c4300000)
 Metaspace       used 45264K, capacity 47069K, committed 47320K, reserved 1091584K
  class space    used 4089K, capacity 4784K, committed 4864K, reserved 1048576K

Card table byte_map: [0x0000021f54cb0000,0x0000021f54ec0000] _byte_map_base: 0x0000021f546b0000

Marking Bits: (ParMarkBitMap*) 0x00007ffcac1efca0
 Begin Bits: [0x0000021f6c680000, 0x0000021f6d680000)
 End Bits:   [0x0000021f6d680000, 0x0000021f6e680000)

Polling page: 0x0000021f52fc0000

Metaspace:

Usage:
  Non-class:     41.29 MB capacity,    40.21 MB ( 97%) used,  1023.02 KB (  2%) free+waste,    87.19 KB ( <1%) overhead. 
      Class:      4.67 MB capacity,     3.99 MB ( 85%) used,   656.60 KB ( 14%) free+waste,    37.81 KB ( <1%) overhead. 
       Both:     45.97 MB capacity,    44.20 MB ( 96%) used,     1.64 MB (  4%) free+waste,   125.00 KB ( <1%) overhead. 

Virtual space:
  Non-class space:       42.00 MB reserved,      41.46 MB ( 99%) committed 
      Class space:        1.00 GB reserved,       4.75 MB ( <1%) committed 
             Both:        1.04 GB reserved,      46.21 MB (  4%) committed 

Chunk freelists:
   Non-Class:  5.38 KB
       Class:  2.00 KB
        Both:  7.38 KB

CodeHeap 'non-profiled nmethods': size=120000Kb used=5797Kb max_used=5803Kb free=114202Kb
 bounds [0x0000021f65150000, 0x0000021f65700000, 0x0000021f6c680000]
CodeHeap 'profiled nmethods': size=120000Kb used=17911Kb max_used=17925Kb free=102089Kb
 bounds [0x0000021f5dc20000, 0x0000021f5edb0000, 0x0000021f65150000]
CodeHeap 'non-nmethods': size=5760Kb used=1243Kb max_used=1300Kb free=4516Kb
 bounds [0x0000021f5d680000, 0x0000021f5d8f0000, 0x0000021f5dc20000]
 total_blobs=9967 nmethods=6782 adapters=514
 compilation: enabled
              stopped_count=0, restarted_count=0
 full_count=0

Compilation events (10 events):
Event: 50.705 Thread 0x0000021f70185000 nmethod 7167 0x0000021f656f7110 code [0x0000021f656f72c0, 0x0000021f656f7558]
Event: 50.705 Thread 0x0000021f70185000 7168       4       java.util.concurrent.CopyOnWriteArrayList$COWIterator::hasNext (18 bytes)
Event: 50.706 Thread 0x0000021f70185000 nmethod 7168 0x0000021f656f7810 code [0x0000021f656f79a0, 0x0000021f656f7a38]
Event: 50.706 Thread 0x0000021f70185000 7164       4       org.eclipse.jdt.core.Signature::appendTypeSignature (513 bytes)
Event: 50.707 Thread 0x0000021f73f05800 nmethod 7162 0x0000021f656f7b10 code [0x0000021f656f7cc0, 0x0000021f656f8098]
Event: 50.707 Thread 0x0000021f73f05800 7169       4       java.util.regex.Matcher::appendExpandedReplacement (510 bytes)
Event: 50.726 Thread 0x0000021f73f05800 nmethod 7169 0x0000021f656f8290 code [0x0000021f656f84c0, 0x0000021f656f9788]
Event: 50.726 Thread 0x0000021f73f05800 7171       4       java.util.regex.Pattern$BnM::optimize (179 bytes)
Event: 50.730 Thread 0x0000021f73f05800 nmethod 7171 0x0000021f656fa510 code [0x0000021f656fa6e0, 0x0000021f656fab38]
Event: 50.730 Thread 0x0000021f73f05800 7165       4       org.eclipse.jdt.core.Signature::toCharArray (83 bytes)

GC Heap History (10 events):
Event: 40.650 GC heap before
{Heap before GC invocations=33 (full 2):
 PSYoungGen      total 20992K, used 20976K [0x00000000eab00000, 0x00000000ec300000, 0x0000000100000000)
  eden space 19968K, 100% used [0x00000000eab00000,0x00000000ebe80000,0x00000000ebe80000)
  from space 1024K, 98% used [0x00000000ec080000,0x00000000ec17c020,0x00000000ec180000)
  to   space 2048K, 0% used [0x00000000ebe80000,0x00000000ebe80000,0x00000000ec080000)
 ParOldGen       total 68608K, used 37889K [0x00000000c0000000, 0x00000000c4300000, 0x00000000eab00000)
  object space 68608K, 55% used [0x00000000c0000000,0x00000000c25006d8,0x00000000c4300000)
 Metaspace       used 44972K, capacity 46810K, committed 47064K, reserved 1091584K
  class space    used 4085K, capacity 4783K, committed 4864K, reserved 1048576K
}
Event: 40.651 GC heap after
{Heap after GC invocations=33 (full 2):
 PSYoungGen      total 20992K, used 736K [0x00000000eab00000, 0x00000000ec180000, 0x0000000100000000)
  eden space 19968K, 0% used [0x00000000eab00000,0x00000000eab00000,0x00000000ebe80000)
  from space 1024K, 71% used [0x00000000ebe80000,0x00000000ebf38000,0x00000000ebf80000)
  to   space 1536K, 0% used [0x00000000ec000000,0x00000000ec000000,0x00000000ec180000)
 ParOldGen       total 68608K, used 38725K [0x00000000c0000000, 0x00000000c4300000, 0x00000000eab00000)
  object space 68608K, 56% used [0x00000000c0000000,0x00000000c25d15a8,0x00000000c4300000)
 Metaspace       used 44972K, capacity 46810K, committed 47064K, reserved 1091584K
  class space    used 4085K, capacity 4783K, committed 4864K, reserved 1048576K
}
Event: 44.081 GC heap before
{Heap before GC invocations=34 (full 2):
 PSYoungGen      total 20992K, used 20704K [0x00000000eab00000, 0x00000000ec180000, 0x0000000100000000)
  eden space 19968K, 100% used [0x00000000eab00000,0x00000000ebe80000,0x00000000ebe80000)
  from space 1024K, 71% used [0x00000000ebe80000,0x00000000ebf38000,0x00000000ebf80000)
  to   space 1536K, 0% used [0x00000000ec000000,0x00000000ec000000,0x00000000ec180000)
 ParOldGen       total 68608K, used 38725K [0x00000000c0000000, 0x00000000c4300000, 0x00000000eab00000)
  object space 68608K, 56% used [0x00000000c0000000,0x00000000c25d15a8,0x00000000c4300000)
 Metaspace       used 45089K, capacity 46874K, committed 47064K, reserved 1091584K
  class space    used 4085K, capacity 4783K, committed 4864K, reserved 1048576K
}
Event: 44.083 GC heap after
{Heap after GC invocations=34 (full 2):
 PSYoungGen      total 21504K, used 1392K [0x00000000eab00000, 0x00000000ec180000, 0x0000000100000000)
  eden space 19968K, 0% used [0x00000000eab00000,0x00000000eab00000,0x00000000ebe80000)
  from space 1536K, 90% used [0x00000000ec000000,0x00000000ec15c010,0x00000000ec180000)
  to   space 1536K, 0% used [0x00000000ebe80000,0x00000000ebe80000,0x00000000ec000000)
 ParOldGen       total 68608K, used 38773K [0x00000000c0000000, 0x00000000c4300000, 0x00000000eab00000)
  object space 68608K, 56% used [0x00000000c0000000,0x00000000c25dd5a8,0x00000000c4300000)
 Metaspace       used 45089K, capacity 46874K, committed 47064K, reserved 1091584K
  class space    used 4085K, capacity 4783K, committed 4864K, reserved 1048576K
}
Event: 46.096 GC heap before
{Heap before GC invocations=35 (full 2):
 PSYoungGen      total 21504K, used 21360K [0x00000000eab00000, 0x00000000ec180000, 0x0000000100000000)
  eden space 19968K, 100% used [0x00000000eab00000,0x00000000ebe80000,0x00000000ebe80000)
  from space 1536K, 90% used [0x00000000ec000000,0x00000000ec15c010,0x00000000ec180000)
  to   space 1536K, 0% used [0x00000000ebe80000,0x00000000ebe80000,0x00000000ec000000)
 ParOldGen       total 68608K, used 38773K [0x00000000c0000000, 0x00000000c4300000, 0x00000000eab00000)
  object space 68608K, 56% used [0x00000000c0000000,0x00000000c25dd5a8,0x00000000c4300000)
 Metaspace       used 45167K, capacity 46938K, committed 47064K, reserved 1091584K
  class space    used 4086K, capacity 4783K, committed 4864K, reserved 1048576K
}
Event: 46.098 GC heap after
{Heap after GC invocations=35 (full 2):
 PSYoungGen      total 21504K, used 1312K [0x00000000eab00000, 0x00000000ec180000, 0x0000000100000000)
  eden space 19968K, 0% used [0x00000000eab00000,0x00000000eab00000,0x00000000ebe80000)
  from space 1536K, 85% used [0x00000000ebe80000,0x00000000ebfc8000,0x00000000ec000000)
  to   space 1536K, 0% used [0x00000000ec000000,0x00000000ec000000,0x00000000ec180000)
 ParOldGen       total 68608K, used 38845K [0x00000000c0000000, 0x00000000c4300000, 0x00000000eab00000)
  object space 68608K, 56% used [0x00000000c0000000,0x00000000c25ef5a8,0x00000000c4300000)
 Metaspace       used 45167K, capacity 46938K, committed 47064K, reserved 1091584K
  class space    used 4086K, capacity 4783K, committed 4864K, reserved 1048576K
}
Event: 49.222 GC heap before
{Heap before GC invocations=36 (full 2):
 PSYoungGen      total 21504K, used 21280K [0x00000000eab00000, 0x00000000ec180000, 0x0000000100000000)
  eden space 19968K, 100% used [0x00000000eab00000,0x00000000ebe80000,0x00000000ebe80000)
  from space 1536K, 85% used [0x00000000ebe80000,0x00000000ebfc8000,0x00000000ec000000)
  to   space 1536K, 0% used [0x00000000ec000000,0x00000000ec000000,0x00000000ec180000)
 ParOldGen       total 68608K, used 38845K [0x00000000c0000000, 0x00000000c4300000, 0x00000000eab00000)
  object space 68608K, 56% used [0x00000000c0000000,0x00000000c25ef5a8,0x00000000c4300000)
 Metaspace       used 45231K, capacity 47005K, committed 47320K, reserved 1091584K
  class space    used 4089K, capacity 4784K, committed 4864K, reserved 1048576K
}
Event: 49.223 GC heap after
{Heap after GC invocations=36 (full 2):
 PSYoungGen      total 21504K, used 1488K [0x00000000eab00000, 0x00000000ec180000, 0x0000000100000000)
  eden space 19968K, 0% used [0x00000000eab00000,0x00000000eab00000,0x00000000ebe80000)
  from space 1536K, 96% used [0x00000000ec000000,0x00000000ec174010,0x00000000ec180000)
  to   space 1536K, 0% used [0x00000000ebe80000,0x00000000ebe80000,0x00000000ec000000)
 ParOldGen       total 68608K, used 38957K [0x00000000c0000000, 0x00000000c4300000, 0x00000000eab00000)
  object space 68608K, 56% used [0x00000000c0000000,0x00000000c260b5a8,0x00000000c4300000)
 Metaspace       used 45231K, capacity 47005K, committed 47320K, reserved 1091584K
  class space    used 4089K, capacity 4784K, committed 4864K, reserved 1048576K
}
Event: 50.704 GC heap before
{Heap before GC invocations=37 (full 2):
 PSYoungGen      total 21504K, used 21456K [0x00000000eab00000, 0x00000000ec180000, 0x0000000100000000)
  eden space 19968K, 100% used [0x00000000eab00000,0x00000000ebe80000,0x00000000ebe80000)
  from space 1536K, 96% used [0x00000000ec000000,0x00000000ec174010,0x00000000ec180000)
  to   space 1536K, 0% used [0x00000000ebe80000,0x00000000ebe80000,0x00000000ec000000)
 ParOldGen       total 68608K, used 38957K [0x00000000c0000000, 0x00000000c4300000, 0x00000000eab00000)
  object space 68608K, 56% used [0x00000000c0000000,0x00000000c260b5a8,0x00000000c4300000)
 Metaspace       used 45264K, capacity 47069K, committed 47320K, reserved 1091584K
  class space    used 4089K, capacity 4784K, committed 4864K, reserved 1048576K
}
Event: 50.704 GC heap after
{Heap after GC invocations=37 (full 2):
 PSYoungGen      total 21504K, used 1152K [0x00000000eab00000, 0x00000000ec180000, 0x0000000100000000)
  eden space 19968K, 0% used [0x00000000eab00000,0x00000000eab00000,0x00000000ebe80000)
  from space 1536K, 75% used [0x00000000ebe80000,0x00000000ebfa0000,0x00000000ec000000)
  to   space 1536K, 0% used [0x00000000ec000000,0x00000000ec000000,0x00000000ec180000)
 ParOldGen       total 68608K, used 39029K [0x00000000c0000000, 0x00000000c4300000, 0x00000000eab00000)
  object space 68608K, 56% used [0x00000000c0000000,0x00000000c261d5a8,0x00000000c4300000)
 Metaspace       used 45264K, capacity 47069K, committed 47320K, reserved 1091584K
  class space    used 4089K, capacity 4784K, committed 4864K, reserved 1048576K
}

Deoptimization events (10 events):
Event: 47.272 Thread 0x0000021f72c02800 Uncommon trap: reason=unstable_if action=reinterpret pc=0x0000021f6562d414 method=org.eclipse.jdt.internal.core.util.PublicScanner.getNextToken()I @ 429 c2
Event: 47.832 Thread 0x0000021f72c07000 Uncommon trap: reason=bimorphic_or_optimized_type_check action=maybe_recompile pc=0x0000021f654dcfe8 method=org.eclipse.jdt.internal.compiler.parser.Parser.consumeRule(I)V @ 4197 c2
Event: 47.833 Thread 0x0000021f72c07000 Uncommon trap: reason=unstable_if action=reinterpret pc=0x0000021f65691df8 method=org.eclipse.jdt.internal.compiler.parser.Scanner.jumpOverMethodBody()V @ 72 c2
Event: 48.409 Thread 0x0000021f72c02800 Uncommon trap: reason=bimorphic_or_optimized_type_check action=maybe_recompile pc=0x0000021f654dcfe8 method=org.eclipse.jdt.internal.compiler.parser.Parser.consumeRule(I)V @ 4197 c2
Event: 48.910 Thread 0x0000021f72c02800 Uncommon trap: reason=unstable_if action=reinterpret pc=0x0000021f656c1f48 method=org.eclipse.jdt.internal.core.util.PublicScanner.internalScanIdentifierOrKeyword(II[C)I @ 304 c2
Event: 49.573 Thread 0x0000021f72c07000 Uncommon trap: reason=bimorphic_or_optimized_type_check action=maybe_recompile pc=0x0000021f654dcfe8 method=org.eclipse.jdt.internal.compiler.parser.Parser.consumeRule(I)V @ 4197 c2
Event: 50.731 Thread 0x0000021f72c02800 Uncommon trap: reason=profile_predicate action=maybe_recompile pc=0x0000021f656f4640 method=org.eclipse.core.internal.resources.AliasManager$1.compare(Lorg/eclipse/core/filesystem/IFileStore;Lorg/eclipse/core/filesystem/IFileStore;)I @ 242 c2
Event: 50.731 Thread 0x0000021f72c02800 Uncommon trap: reason=profile_predicate action=maybe_recompile pc=0x0000021f656f4640 method=org.eclipse.core.internal.resources.AliasManager$1.compare(Lorg/eclipse/core/filesystem/IFileStore;Lorg/eclipse/core/filesystem/IFileStore;)I @ 242 c2
Event: 50.731 Thread 0x0000021f72c02800 Uncommon trap: reason=profile_predicate action=maybe_recompile pc=0x0000021f656f4640 method=org.eclipse.core.internal.resources.AliasManager$1.compare(Lorg/eclipse/core/filesystem/IFileStore;Lorg/eclipse/core/filesystem/IFileStore;)I @ 242 c2
Event: 50.731 Thread 0x0000021f72c02800 Uncommon trap: reason=profile_predicate action=maybe_recompile pc=0x0000021f656f4640 method=org.eclipse.core.internal.resources.AliasManager$1.compare(Lorg/eclipse/core/filesystem/IFileStore;Lorg/eclipse/core/filesystem/IFileStore;)I @ 242 c2

Classes redefined (0 events):
No events

Internal exceptions (10 events):
Event: 49.573 Thread 0x0000021f72c07000 Exception <a 'java/lang/ArrayIndexOutOfBoundsException'{0x00000000eb300878}> (0x00000000eb300878) thrown at [t:/workspace/open/src/hotspot/share/runtime/sharedRuntime.cpp, line 584]
Event: 49.573 Thread 0x0000021f72c07000 Exception <a 'java/lang/ArrayIndexOutOfBoundsException'{0x00000000eb300b98}> (0x00000000eb300b98) thrown at [t:/workspace/open/src/hotspot/share/runtime/sharedRuntime.cpp, line 584]
Event: 49.965 Thread 0x0000021f72c02800 Exception <a 'java/lang/ArrayIndexOutOfBoundsException'{0x00000000eb358a80}> (0x00000000eb358a80) thrown at [t:/workspace/open/src/hotspot/share/runtime/sharedRuntime.cpp, line 584]
Event: 50.004 Thread 0x0000021f72c02800 Exception <a 'java/lang/ArrayIndexOutOfBoundsException'{0x00000000eb3b8990}> (0x00000000eb3b8990) thrown at [t:/workspace/open/src/hotspot/share/runtime/sharedRuntime.cpp, line 584]
Event: 50.007 Thread 0x0000021f72c02800 Exception <a 'java/lang/ArrayIndexOutOfBoundsException'{0x00000000eb5b0ea8}> (0x00000000eb5b0ea8) thrown at [t:/workspace/open/src/hotspot/share/runtime/sharedRuntime.cpp, line 584]
Event: 50.007 Thread 0x0000021f72c02800 Exception <a 'java/lang/ArrayIndexOutOfBoundsException'{0x00000000eb5b11c8}> (0x00000000eb5b11c8) thrown at [t:/workspace/open/src/hotspot/share/runtime/sharedRuntime.cpp, line 584]
Event: 50.692 Thread 0x0000021f72c07000 Exception <a 'java/lang/ArrayIndexOutOfBoundsException'{0x00000000eb6cb450}> (0x00000000eb6cb450) thrown at [t:/workspace/open/src/hotspot/share/runtime/sharedRuntime.cpp, line 584]
Event: 50.695 Thread 0x0000021f72c07000 Exception <a 'java/lang/ArrayIndexOutOfBoundsException'{0x00000000eb8c55c0}> (0x00000000eb8c55c0) thrown at [t:/workspace/open/src/hotspot/share/runtime/sharedRuntime.cpp, line 584]
Event: 50.695 Thread 0x0000021f72c07000 Exception <a 'java/lang/ArrayIndexOutOfBoundsException'{0x00000000eb8c6910}> (0x00000000eb8c6910) thrown at [t:/workspace/open/src/hotspot/share/runtime/sharedRuntime.cpp, line 584]
Event: 50.695 Thread 0x0000021f72c07000 Exception <a 'java/lang/ArrayIndexOutOfBoundsException'{0x00000000eb8c6c30}> (0x00000000eb8c6c30) thrown at [t:/workspace/open/src/hotspot/share/runtime/sharedRuntime.cpp, line 584]

Events (10 events):
Event: 50.731 Thread 0x0000021f72c02800 DEOPT UNPACKING pc=0x0000021f5d6a872f sp=0x000000ce3a9fdf00 mode 2
Event: 50.731 Thread 0x0000021f72c02800 Uncommon trap: trap_request=0xffffffbe fr.pc=0x0000021f656f4640 relative=0x00000000000025c0
Event: 50.731 Thread 0x0000021f72c02800 DEOPT PACKING pc=0x0000021f656f4640 sp=0x000000ce3a9fe010
Event: 50.731 Thread 0x0000021f72c02800 DEOPT UNPACKING pc=0x0000021f5d6a872f sp=0x000000ce3a9fdf00 mode 2
Event: 50.731 Thread 0x0000021f72c02800 Uncommon trap: trap_request=0xffffffbe fr.pc=0x0000021f656f4640 relative=0x00000000000025c0
Event: 50.731 Thread 0x0000021f72c02800 DEOPT PACKING pc=0x0000021f656f4640 sp=0x000000ce3a9fe010
Event: 50.731 Thread 0x0000021f72c02800 DEOPT UNPACKING pc=0x0000021f5d6a872f sp=0x000000ce3a9fdf00 mode 2
Event: 50.731 Thread 0x0000021f70188000 flushing nmethod 0x0000021f5dc8ad90
Event: 50.732 Thread 0x0000021f70188000 flushing nmethod 0x0000021f5df6c810
Event: 50.733 Thread 0x0000021f70188000 flushing nmethod 0x0000021f5e095910


Dynamic libraries:
0x00007ff6d4ea0000 - 0x00007ff6d4ee7000 	C:\Program Files\Java\jdk-11.0.6\bin\java.exe
0x00007ffcf5080000 - 0x00007ffcf5270000 	C:\Windows\SYSTEM32\ntdll.dll
0x00007ffcf34f0000 - 0x00007ffcf35a2000 	C:\Windows\System32\KERNEL32.DLL
0x00007ffcf2d30000 - 0x00007ffcf2fd3000 	C:\Windows\System32\KERNELBASE.dll
0x00007ffcf4200000 - 0x00007ffcf42a3000 	C:\Windows\System32\ADVAPI32.dll
0x00007ffcf33a0000 - 0x00007ffcf343e000 	C:\Windows\System32\msvcrt.dll
0x00007ffcf3440000 - 0x00007ffcf34d7000 	C:\Windows\System32\sechost.dll
0x00007ffcf35c0000 - 0x00007ffcf36e0000 	C:\Windows\System32\RPCRT4.dll
0x00007ffcf3130000 - 0x00007ffcf32c4000 	C:\Windows\System32\USER32.dll
0x00007ffcf2450000 - 0x00007ffcf2471000 	C:\Windows\System32\win32u.dll
0x00007ffcf38a0000 - 0x00007ffcf38c6000 	C:\Windows\System32\GDI32.dll
0x00007ffcf21b0000 - 0x00007ffcf2344000 	C:\Windows\System32\gdi32full.dll
0x00007ffcf2010000 - 0x00007ffcf20ae000 	C:\Windows\System32\msvcp_win.dll
0x00007ffcf2350000 - 0x00007ffcf244a000 	C:\Windows\System32\ucrtbase.dll
0x00007ffcdc820000 - 0x00007ffcdcaa5000 	C:\Windows\WinSxS\amd64_microsoft.windows.common-controls_6595b64144ccf1df_6.0.18362.592_none_e6c0b1911312be02\COMCTL32.dll
0x00007ffced120000 - 0x00007ffced12a000 	C:\Windows\SYSTEM32\VERSION.dll
0x00007ffcf4bc0000 - 0x00007ffcf4ef6000 	C:\Windows\System32\combase.dll
0x00007ffcf20b0000 - 0x00007ffcf2130000 	C:\Windows\System32\bcryptPrimitives.dll
0x00007ffcf3740000 - 0x00007ffcf376e000 	C:\Windows\System32\IMM32.DLL
0x00007ffce8580000 - 0x00007ffce8596000 	C:\Program Files\Java\jdk-11.0.6\bin\vcruntime140.dll
0x00007ffccb700000 - 0x00007ffccb7aa000 	C:\Program Files\Java\jdk-11.0.6\bin\msvcp140.dll
0x00007ffcab780000 - 0x00007ffcac2a9000 	C:\Program Files\Java\jdk-11.0.6\bin\server\jvm.dll
0x00007ffcf35b0000 - 0x00007ffcf35b8000 	C:\Windows\System32\PSAPI.DLL
0x00007ffcefbb0000 - 0x00007ffcefbd4000 	C:\Windows\SYSTEM32\WINMM.dll
0x00007ffced2e0000 - 0x00007ffced2e9000 	C:\Windows\SYSTEM32\WSOCK32.dll
0x00007ffcf4020000 - 0x00007ffcf408f000 	C:\Windows\System32\WS2_32.dll
0x00007ffcef730000 - 0x00007ffcef75d000 	C:\Windows\SYSTEM32\WINMMBASE.dll
0x00007ffcf2ce0000 - 0x00007ffcf2d2a000 	C:\Windows\System32\cfgmgr32.dll
0x00007ffcf1f60000 - 0x00007ffcf1f71000 	C:\Windows\System32\kernel.appcore.dll
0x00007ffce8560000 - 0x00007ffce8571000 	C:\Program Files\Java\jdk-11.0.6\bin\verify.dll
0x00007ffcf0870000 - 0x00007ffcf0a64000 	C:\Windows\SYSTEM32\DBGHELP.DLL
0x00007ffce0f60000 - 0x00007ffce0f8a000 	C:\Windows\SYSTEM32\dbgcore.DLL
0x00007ffce8530000 - 0x00007ffce8559000 	C:\Program Files\Java\jdk-11.0.6\bin\java.dll
0x00007ffce8510000 - 0x00007ffce8526000 	C:\Program Files\Java\jdk-11.0.6\bin\zip.dll
0x00007ffce8500000 - 0x00007ffce850a000 	C:\Program Files\Java\jdk-11.0.6\bin\jimage.dll
0x00007ffcf42b0000 - 0x00007ffcf4995000 	C:\Windows\System32\SHELL32.dll
0x00007ffcf4150000 - 0x00007ffcf41f9000 	C:\Windows\System32\shcore.dll
0x00007ffcf24b0000 - 0x00007ffcf2c2f000 	C:\Windows\System32\windows.storage.dll
0x00007ffcf1ff0000 - 0x00007ffcf200f000 	C:\Windows\System32\profapi.dll
0x00007ffcf1fa0000 - 0x00007ffcf1fea000 	C:\Windows\System32\powrprof.dll
0x00007ffcf1f50000 - 0x00007ffcf1f60000 	C:\Windows\System32\UMPDC.dll
0x00007ffcf4090000 - 0x00007ffcf40e2000 	C:\Windows\System32\shlwapi.dll
0x00007ffcf2190000 - 0x00007ffcf21a7000 	C:\Windows\System32\cryptsp.dll
0x00007ffce7d30000 - 0x00007ffce7d49000 	C:\Program Files\Java\jdk-11.0.6\bin\net.dll
0x00007ffcea000000 - 0x00007ffcea0f0000 	C:\Windows\SYSTEM32\WINHTTP.dll
0x00007ffcf1760000 - 0x00007ffcf17c7000 	C:\Windows\system32\mswsock.dll
0x00007ffce7d10000 - 0x00007ffce7d23000 	C:\Program Files\Java\jdk-11.0.6\bin\nio.dll
0x00007ffcf12d0000 - 0x00007ffcf1303000 	C:\Windows\system32\rsaenh.dll
0x00007ffcf2480000 - 0x00007ffcf24a6000 	C:\Windows\System32\bcrypt.dll
0x00007ffcf1e40000 - 0x00007ffcf1e65000 	C:\Windows\SYSTEM32\USERENV.dll
0x00007ffcf1990000 - 0x00007ffcf199c000 	C:\Windows\SYSTEM32\CRYPTBASE.dll
0x00007ffcf1470000 - 0x00007ffcf14aa000 	C:\Windows\SYSTEM32\IPHLPAPI.DLL
0x00007ffcf34e0000 - 0x00007ffcf34e8000 	C:\Windows\System32\NSI.dll
0x00007ffceb1a0000 - 0x00007ffceb1b6000 	C:\Windows\SYSTEM32\dhcpcsvc6.DLL
0x00007ffceb410000 - 0x00007ffceb42c000 	C:\Windows\SYSTEM32\dhcpcsvc.DLL
0x00007ffcf14b0000 - 0x00007ffcf157a000 	C:\Windows\SYSTEM32\DNSAPI.dll
0x00007ffcdfc20000 - 0x00007ffcdfc4a000 	C:\Users\Joush\AppData\Roaming\Code\User\globalStorage\redhat.java\0.67.0\config_ss_win\org.eclipse.equinox.launcher\org.eclipse.equinox.launcher.win32.win32.x86_64_1.1.1300.v20200819-0940\eclipse_11100.dll

dbghelp: loaded successfully - version: 4.0.5 - missing functions: none
symbol engine: initialized successfully - sym options: 0x614 - pdb path: .;C:\Program Files\Java\jdk-11.0.6\bin;C:\Windows\SYSTEM32;C:\Windows\WinSxS\amd64_microsoft.windows.common-controls_6595b64144ccf1df_6.0.18362.592_none_e6c0b1911312be02;C:\Program Files\Java\jdk-11.0.6\bin\server;C:\Users\Joush\AppData\Roaming\Code\User\globalStorage\redhat.java\0.67.0\config_ss_win\org.eclipse.equinox.launcher\org.eclipse.equinox.launcher.win32.win32.x86_64_1.1.1300.v20200819-0940

VM Arguments:
jvm_args: --add-modules=ALL-SYSTEM --add-opens=java.base/java.util=ALL-UNNAMED --add-opens=java.base/java.lang=ALL-UNNAMED -Declipse.application=org.eclipse.jdt.ls.core.id1 -Dosgi.bundles.defaultStartLevel=4 -Declipse.product=org.eclipse.jdt.ls.core.product -Dfile.encoding=utf8 -DwatchParentProcess=false -XX:+UseParallelGC -XX:GCTimeRatio=4 -XX:AdaptiveSizePolicyWeight=90 -Dsun.zip.disableMemoryMapping=true -Xmx1G -Xms100m -Xverify:none 
java_command: c:\Users\Joush\.vscode\extensions\redhat.java-0.67.0\server\plugins\org.eclipse.equinox.launcher_1.5.800.v20200727-1323.jar -configuration c:\Users\Joush\AppData\Roaming\Code\User\globalStorage\redhat.java\0.67.0\config_ss_win -data c:\Users\Joush\AppData\Roaming\Code\User\workspaceStorage\8bcd04a8af8f9a3b8b8c8b5408dc8d04\redhat.java\ss_ws
java_class_path (initial): c:\Users\Joush\.vscode\extensions\redhat.java-0.67.0\server\plugins\org.eclipse.equinox.launcher_1.5.800.v20200727-1323.jar
Launcher Type: SUN_STANDARD

[Global flags]
    uintx AdaptiveSizePolicyWeight                 = 90                                        {product} {command line}
     bool BytecodeVerificationLocal                = false                                     {product} {command line}
     bool BytecodeVerificationRemote               = false                                     {product} {command line}
     intx CICompilerCount                          = 4                                         {product} {ergonomic}
    uintx GCTimeRatio                              = 4                                         {product} {command line}
   size_t InitialHeapSize                          = 104857600                                 {product} {command line}
   size_t MaxHeapSize                              = 1073741824                                {product} {command line}
   size_t MaxNewSize                               = 357564416                                 {product} {ergonomic}
   size_t MinHeapDeltaBytes                        = 524288                                    {product} {ergonomic}
   size_t NewSize                                  = 34603008                                  {product} {ergonomic}
    uintx NonNMethodCodeHeapSize                   = 5836300                                {pd product} {ergonomic}
    uintx NonProfiledCodeHeapSize                  = 122910970                              {pd product} {ergonomic}
   size_t OldSize                                  = 70254592                                  {product} {ergonomic}
    uintx ProfiledCodeHeapSize                     = 122910970                              {pd product} {ergonomic}
    uintx ReservedCodeCacheSize                    = 251658240                              {pd product} {ergonomic}
     bool SegmentedCodeCache                       = true                                      {product} {ergonomic}
     bool UseCompressedClassPointers               = true                                 {lp64_product} {ergonomic}
     bool UseCompressedOops                        = true                                 {lp64_product} {ergonomic}
     bool UseLargePagesIndividualAllocation        = false                                  {pd product} {ergonomic}
     bool UseParallelGC                            = true                                      {product} {command line}

Logging:
Log output configuration:
 #0: stdout all=warning uptime,level,tags
 #1: stderr all=off uptime,level,tags

Environment Variables:
PATH=D:\Program Files (x86)\NetSarang\Xshell 6\;D:\Program Files (x86)\NetSarang\Xftp 6\;C:\Windows\system32;C:\Windows;C:\Windows\System32\Wbem;C:\Windows\System32\WindowsPowerShell\v1.0\;C:\Windows\System32\OpenSSH\;C:\Program Files\Git\cmd;C:\Program Files\nodejs\;C:\Program Files\Java\jdk-11.0.6;C:\Program Files\MySQL\MySQL Server 8.0\bin;C:\Users\Joush\AppData\Local\Microsoft\WindowsApps;C:\Users\Joush\AppData\Roaming\npm;D:\Microsoft VS Code\bin
USERNAME=Joush
OS=Windows_NT
PROCESSOR_IDENTIFIER=Intel64 Family 6 Model 165 Stepping 3, GenuineIntel



---------------  S Y S T E M  ---------------

OS: Windows 10 , 64 bit Build 18362 (10.0.18362.329)

CPU:total 12 (initial active 12) (6 cores per cpu, 2 threads per core) family 6 model 165 stepping 3, cmov, cx8, fxsr, mmx, sse, sse2, sse3, ssse3, sse4.1, sse4.2, popcnt, avx, avx2, aes, clmul, erms, 3dnowpref, lzcnt, ht, tsc, tscinvbit, bmi1, bmi2, adx, fma

Memory: 4k page, system-wide physical 16169M (12362M free)
TotalPageFile size 19113M (AvailPageFile size 14875M)
current process WorkingSet (physical memory assigned to process): 192M, peak: 221M
current process commit charge ("private bytes"): 279M, peak: 314M

vm_info: Java HotSpot(TM) 64-Bit Server VM (11.0.6+8-LTS) for windows-amd64 JRE (11.0.6+8-LTS), built on Dec 11 2019 09:17:57 by "mach5one" with MS VC++ 15.5 (VS2017)

END.
